[2016/12/03T18:57:14.409+08:00] [SYS] APIdoc's URL path is '/apidoc' [check direct ip for filter] <myapp1_1.0>
[2016/12/03T18:57:14.425+08:00] [SYS] CONNECT | /                              <myapp1_1.0>
[2016/12/03T18:57:14.432+08:00] [SYS]  DELETE | /                              <myapp1_1.0>
[2016/12/03T18:57:14.44+08:00] [SYS]     GET | /                              <myapp1_1.0>
[2016/12/03T18:57:14.449+08:00] [SYS]    HEAD | /                              <myapp1_1.0>
[2016/12/03T18:57:14.457+08:00] [SYS] OPTIONS | /                              <myapp1_1.0>
[2016/12/03T18:57:14.467+08:00] [SYS]   PATCH | /                              <myapp1_1.0>
[2016/12/03T18:57:14.477+08:00] [SYS]    POST | /                              <myapp1_1.0>
[2016/12/03T18:57:14.482+08:00] [SYS]     PUT | /                              <myapp1_1.0>
[2016/12/03T18:57:14.487+08:00] [SYS]   TRACE | /                              <myapp1_1.0>
[2016/12/03T18:57:14.494+08:00] [SYS]     GET | /apidoc/*filepath              <myapp1_1.0>
[2016/12/03T18:57:14.499+08:00] [SYS]    POST | /body                          <myapp1_1.0>
[2016/12/03T18:57:14.506+08:00] [SYS]     GET | /home/param/:id                <myapp1_1.0>
[2016/12/03T18:57:14.51+08:00] [SYS]    POST | /home/param/:id                <myapp1_1.0>
[2016/12/03T18:57:14.519+08:00] [SYS]     GET | /home/render                   <myapp1_1.0>
[2016/12/03T18:57:14.525+08:00] [SYS]     GET | /public/*filepath              <myapp1_1.0>
[2016/12/03T18:57:14.555+08:00] [SYS]     GET | /static/*filepath              <myapp1_1.0>
[2016/12/03T18:57:14.562+08:00] [SYS]     GET | /swagger.json                  <myapp1_1.0>
[2016/12/03T18:57:14.57+08:00] [SYS]     GET | /syso/*filepath                <myapp1_1.0>
[2016/12/03T18:57:14.577+08:00] [SYS]     GET | /upload/*filepath              <myapp1_1.0>
[2016/12/03T18:57:14.582+08:00] [SYS]     GET | /ws                            <myapp1_1.0>
[2016/12/03T18:57:14.587+08:00] [SYS]     GET | /ws_server                     <myapp1_1.0>
[2016/12/03T18:57:14.591+08:00] [SYS] [myapp1_1.0] listen and serve HTTP/HTTP2 on 0.0.0.0:8080 <myapp1_1.0>
[2016/12/03T18:57:14.591+08:00] [SYS] APIdoc's URL path is '/apidoc' [check direct ip for filter] <myapp2_1.0>
[2016/12/03T18:57:14.601+08:00] [SYS] CONNECT | /                              <myapp2_1.0>
[2016/12/03T18:57:14.605+08:00] [SYS]  DELETE | /                              <myapp2_1.0>
[2016/12/03T18:57:14.609+08:00] [SYS]     GET | /                              <myapp2_1.0>
[2016/12/03T18:57:14.613+08:00] [SYS]    HEAD | /                              <myapp2_1.0>
[2016/12/03T18:57:14.617+08:00] [SYS] OPTIONS | /                              <myapp2_1.0>
[2016/12/03T18:57:14.621+08:00] [SYS]   PATCH | /                              <myapp2_1.0>
[2016/12/03T18:57:14.625+08:00] [SYS]    POST | /                              <myapp2_1.0>
[2016/12/03T18:57:14.629+08:00] [SYS]     PUT | /                              <myapp2_1.0>
[2016/12/03T18:57:14.634+08:00] [SYS]   TRACE | /                              <myapp2_1.0>
[2016/12/03T18:57:14.638+08:00] [SYS]     GET | /apidoc/*filepath              <myapp2_1.0>
[2016/12/03T18:57:14.642+08:00] [SYS]    POST | /body                          <myapp2_1.0>
[2016/12/03T18:57:14.646+08:00] [SYS]     GET | /home/param/:id                <myapp2_1.0>
[2016/12/03T18:57:14.649+08:00] [SYS]    POST | /home/param/:id                <myapp2_1.0>
[2016/12/03T18:57:14.653+08:00] [SYS]     GET | /home/render                   <myapp2_1.0>
[2016/12/03T18:57:14.658+08:00] [SYS]     GET | /public/*filepath              <myapp2_1.0>
[2016/12/03T18:57:14.662+08:00] [SYS]     GET | /static/*filepath              <myapp2_1.0>
[2016/12/03T18:57:14.667+08:00] [SYS]     GET | /swagger.json                  <myapp2_1.0>
[2016/12/03T18:57:14.671+08:00] [SYS]     GET | /syso/*filepath                <myapp2_1.0>
[2016/12/03T18:57:14.675+08:00] [SYS]     GET | /upload/*filepath              <myapp2_1.0>
[2016/12/03T18:57:14.679+08:00] [SYS] [myapp2_1.0] listen and serve HTTP/HTTP2 on 0.0.0.0:80 <myapp2_1.0>
[2016/12/03T18:57:14.679+08:00] [SYS] [myapp2_1.0] listen and serve HTTPS(TLS)/HTTP2 on 0.0.0.0:443 <myapp2_1.0>
